This file contains any messages produced by compilers while
running configure, to aid debugging if configure makes a mistake.

It was created by slowhttptest configure 1.5, which was
generated by GNU Autoconf 2.67.  Invocation command line was

  $ ./configure --prefix=/home/mvogel/temp/slowhttptest

## --------- ##
## Platform. ##
## --------- ##

hostname = piput001.hosted-products.net
uname -m = x86_64
uname -r = 2.6.32-358.el6.x86_64
uname -s = Linux
uname -v = #1 SMP Fri Feb 22 00:31:26 UTC 2013

/usr/bin/uname -p = unknown
/bin/uname -X     = unknown

/bin/arch              = x86_64
/usr/bin/arch -k       = unknown
/usr/convex/getsysinfo = unknown
/usr/bin/hostinfo      = unknown
/bin/machine           = unknown
/usr/bin/oslevel       = unknown
/bin/universe          = unknown

PATH: /usr/lib64/qt-3.3/bin
PATH: /usr/local/bin
PATH: /bin
PATH: /usr/bin
PATH: /usr/local/sbin
PATH: /usr/sbin
PATH: /sbin
PATH: /home/mvogel/bin


## ----------- ##
## Core tests. ##
## ----------- ##

configure:2255: checking for a BSD-compatible install
configure:2323: result: /usr/bin/install -c
configure:2334: checking whether build environment is sane
configure:2384: result: yes
configure:2525: checking for a thread-safe mkdir -p
configure:2564: result: /bin/mkdir -p
configure:2577: checking for gawk
configure:2593: found /bin/gawk
configure:2604: result: gawk
configure:2615: checking whether make sets $(MAKE)
configure:2637: result: yes
configure:2780: checking for g++
configure:2796: found /usr/bin/g++
configure:2807: result: g++
configure:2834: checking for C++ compiler version
configure:2843: g++ --version >&5
g++ (GCC) 4.4.7 20120313 (Red Hat 4.4.7-3)
Copyright (C) 2010 Free Software Foundation, Inc.
This is free software; see the source for copying conditions.  There is NO
warranty; not even for MERCHANTABILITY or FITNESS FOR A PARTICULAR PURPOSE.

configure:2854: $? = 0
configure:2843: g++ -v >&5
Using built-in specs.
Target: x86_64-redhat-linux
Configured with: ../configure --prefix=/usr --mandir=/usr/share/man --infodir=/usr/share/info --with-bugurl=http://bugzilla.redhat.com/bugzilla --enable-bootstrap --enable-shared --enable-threads=posix --enable-checking=release --with-system-zlib --enable-__cxa_atexit --disable-libunwind-exceptions --enable-gnu-unique-object --enable-languages=c,c++,objc,obj-c++,java,fortran,ada --enable-java-awt=gtk --disable-dssi --with-java-home=/usr/lib/jvm/java-1.5.0-gcj-1.5.0.0/jre --enable-libgcj-multifile --enable-java-maintainer-mode --with-ecj-jar=/usr/share/java/eclipse-ecj.jar --disable-libjava-multilib --with-ppl --with-cloog --with-tune=generic --with-arch_32=i686 --build=x86_64-redhat-linux
Thread model: posix
gcc version 4.4.7 20120313 (Red Hat 4.4.7-3) (GCC) 
configure:2854: $? = 0
configure:2843: g++ -V >&5
g++: '-V' option must have argument
configure:2854: $? = 1
configure:2843: g++ -qversion >&5
g++: unrecognized option '-qversion'
g++: no input files
configure:2854: $? = 1
configure:2874: checking whether the C++ compiler works
configure:2896: g++    conftest.cpp  >&5
configure:2900: $? = 0
configure:2948: result: yes
configure:2951: checking for C++ compiler default output file name
configure:2953: result: a.out
configure:2959: checking for suffix of executables
configure:2966: g++ -o conftest    conftest.cpp  >&5
configure:2970: $? = 0
configure:2992: result: 
configure:3014: checking whether we are cross compiling
configure:3022: g++ -o conftest    conftest.cpp  >&5
configure:3026: $? = 0
configure:3033: ./conftest
configure:3037: $? = 0
configure:3052: result: no
configure:3057: checking for suffix of object files
configure:3079: g++ -c   conftest.cpp >&5
configure:3083: $? = 0
configure:3104: result: o
configure:3108: checking whether we are using the GNU C++ compiler
configure:3127: g++ -c   conftest.cpp >&5
configure:3127: $? = 0
configure:3136: result: yes
configure:3145: checking whether g++ accepts -g
configure:3165: g++ -c -g  conftest.cpp >&5
configure:3165: $? = 0
configure:3206: result: yes
configure:3240: checking for style of include used by make
configure:3268: result: GNU
configure:3293: checking dependency style of g++
configure:3403: result: gcc3
configure:3466: checking for gcc
configure:3482: found /usr/bin/gcc
configure:3493: result: gcc
configure:3722: checking for C compiler version
configure:3731: gcc --version >&5
gcc (GCC) 4.4.7 20120313 (Red Hat 4.4.7-3)
Copyright (C) 2010 Free Software Foundation, Inc.
This is free software; see the source for copying conditions.  There is NO
warranty; not even for MERCHANTABILITY or FITNESS FOR A PARTICULAR PURPOSE.

configure:3742: $? = 0
configure:3731: gcc -v >&5
Using built-in specs.
Target: x86_64-redhat-linux
Configured with: ../configure --prefix=/usr --mandir=/usr/share/man --infodir=/usr/share/info --with-bugurl=http://bugzilla.redhat.com/bugzilla --enable-bootstrap --enable-shared --enable-threads=posix --enable-checking=release --with-system-zlib --enable-__cxa_atexit --disable-libunwind-exceptions --enable-gnu-unique-object --enable-languages=c,c++,objc,obj-c++,java,fortran,ada --enable-java-awt=gtk --disable-dssi --with-java-home=/usr/lib/jvm/java-1.5.0-gcj-1.5.0.0/jre --enable-libgcj-multifile --enable-java-maintainer-mode --with-ecj-jar=/usr/share/java/eclipse-ecj.jar --disable-libjava-multilib --with-ppl --with-cloog --with-tune=generic --with-arch_32=i686 --build=x86_64-redhat-linux
Thread model: posix
gcc version 4.4.7 20120313 (Red Hat 4.4.7-3) (GCC) 
configure:3742: $? = 0
configure:3731: gcc -V >&5
gcc: '-V' option must have argument
configure:3742: $? = 1
configure:3731: gcc -qversion >&5
gcc: unrecognized option '-qversion'
gcc: no input files
configure:3742: $? = 1
configure:3746: checking whether we are using the GNU C compiler
configure:3765: gcc -c   conftest.c >&5
configure:3765: $? = 0
configure:3774: result: yes
configure:3783: checking whether gcc accepts -g
configure:3803: gcc -c -g  conftest.c >&5
configure:3803: $? = 0
configure:3844: result: yes
configure:3861: checking for gcc option to accept ISO C89
configure:3925: gcc  -c -g -O2  conftest.c >&5
configure:3925: $? = 0
configure:3938: result: none needed
configure:3960: checking dependency style of gcc
configure:4070: result: gcc3
configure:4089: checking for SSL_library_init in -lssl
configure:4114: gcc -o conftest -g -O2   conftest.c -lssl   >&5
configure:4114: $? = 0
configure:4123: result: yes
configure:4143: checking how to run the C preprocessor
configure:4174: gcc -E  conftest.c
configure:4174: $? = 0
configure:4188: gcc -E  conftest.c
conftest.c:12:28: error: ac_nonexistent.h: No such file or directory
configure:4188: $? = 1
configure: failed program was:
| /* confdefs.h */
| #define PACKAGE_NAME "slowhttptest"
| #define PACKAGE_TARNAME "slowhttptest"
| #define PACKAGE_VERSION "1.5"
| #define PACKAGE_STRING "slowhttptest 1.5"
| #define PACKAGE_BUGREPORT "shekyan@gmail.com"
| #define PACKAGE_URL ""
| #define PACKAGE "slowhttptest"
| #define VERSION "1.5"
| #define HAVE_LIBSSL 1
| /* end confdefs.h.  */
| #include <ac_nonexistent.h>
configure:4213: result: gcc -E
configure:4233: gcc -E  conftest.c
configure:4233: $? = 0
configure:4247: gcc -E  conftest.c
conftest.c:12:28: error: ac_nonexistent.h: No such file or directory
configure:4247: $? = 1
configure: failed program was:
| /* confdefs.h */
| #define PACKAGE_NAME "slowhttptest"
| #define PACKAGE_TARNAME "slowhttptest"
| #define PACKAGE_VERSION "1.5"
| #define PACKAGE_STRING "slowhttptest 1.5"
| #define PACKAGE_BUGREPORT "shekyan@gmail.com"
| #define PACKAGE_URL ""
| #define PACKAGE "slowhttptest"
| #define VERSION "1.5"
| #define HAVE_LIBSSL 1
| /* end confdefs.h.  */
| #include <ac_nonexistent.h>
configure:4276: checking for grep that handles long lines and -e
configure:4334: result: /bin/grep
configure:4339: checking for egrep
configure:4401: result: /bin/grep -E
configure:4406: checking for ANSI C header files
configure:4426: gcc -c -g -O2  conftest.c >&5
configure:4426: $? = 0
configure:4499: gcc -o conftest -g -O2   conftest.c -lssl  >&5
configure:4499: $? = 0
configure:4499: ./conftest
configure:4499: $? = 0
configure:4510: result: yes
configure:4523: checking for sys/types.h
configure:4523: gcc -c -g -O2  conftest.c >&5
configure:4523: $? = 0
configure:4523: result: yes
configure:4523: checking for sys/stat.h
configure:4523: gcc -c -g -O2  conftest.c >&5
configure:4523: $? = 0
configure:4523: result: yes
configure:4523: checking for stdlib.h
configure:4523: gcc -c -g -O2  conftest.c >&5
configure:4523: $? = 0
configure:4523: result: yes
configure:4523: checking for string.h
configure:4523: gcc -c -g -O2  conftest.c >&5
configure:4523: $? = 0
configure:4523: result: yes
configure:4523: checking for memory.h
configure:4523: gcc -c -g -O2  conftest.c >&5
configure:4523: $? = 0
configure:4523: result: yes
configure:4523: checking for strings.h
configure:4523: gcc -c -g -O2  conftest.c >&5
configure:4523: $? = 0
configure:4523: result: yes
configure:4523: checking for inttypes.h
configure:4523: gcc -c -g -O2  conftest.c >&5
configure:4523: $? = 0
configure:4523: result: yes
configure:4523: checking for stdint.h
configure:4523: gcc -c -g -O2  conftest.c >&5
configure:4523: $? = 0
configure:4523: result: yes
configure:4523: checking for unistd.h
configure:4523: gcc -c -g -O2  conftest.c >&5
configure:4523: $? = 0
configure:4523: result: yes
configure:4538: checking fcntl.h usability
configure:4538: gcc -c -g -O2  conftest.c >&5
configure:4538: $? = 0
configure:4538: result: yes
configure:4538: checking fcntl.h presence
configure:4538: gcc -E  conftest.c
configure:4538: $? = 0
configure:4538: result: yes
configure:4538: checking for fcntl.h
configure:4538: result: yes
configure:4538: checking limits.h usability
configure:4538: gcc -c -g -O2  conftest.c >&5
configure:4538: $? = 0
configure:4538: result: yes
configure:4538: checking limits.h presence
configure:4538: gcc -E  conftest.c
configure:4538: $? = 0
configure:4538: result: yes
configure:4538: checking for limits.h
configure:4538: result: yes
configure:4538: checking netdb.h usability
configure:4538: gcc -c -g -O2  conftest.c >&5
configure:4538: $? = 0
configure:4538: result: yes
configure:4538: checking netdb.h presence
configure:4538: gcc -E  conftest.c
configure:4538: $? = 0
configure:4538: result: yes
configure:4538: checking for netdb.h
configure:4538: result: yes
configure:4538: checking netinet/in.h usability
configure:4538: gcc -c -g -O2  conftest.c >&5
configure:4538: $? = 0
configure:4538: result: yes
configure:4538: checking netinet/in.h presence
configure:4538: gcc -E  conftest.c
configure:4538: $? = 0
configure:4538: result: yes
configure:4538: checking for netinet/in.h
configure:4538: result: yes
configure:4538: checking for stdlib.h
configure:4538: result: yes
configure:4538: checking for string.h
configure:4538: result: yes
configure:4538: checking sys/socket.h usability
configure:4538: gcc -c -g -O2  conftest.c >&5
configure:4538: $? = 0
configure:4538: result: yes
configure:4538: checking sys/socket.h presence
configure:4538: gcc -E  conftest.c
configure:4538: $? = 0
configure:4538: result: yes
configure:4538: checking for sys/socket.h
configure:4538: result: yes
configure:4538: checking sys/time.h usability
configure:4538: gcc -c -g -O2  conftest.c >&5
configure:4538: $? = 0
configure:4538: result: yes
configure:4538: checking sys/time.h presence
configure:4538: gcc -E  conftest.c
configure:4538: $? = 0
configure:4538: result: yes
configure:4538: checking for sys/time.h
configure:4538: result: yes
configure:4538: checking for unistd.h
configure:4538: result: yes
configure:4550: checking for stdbool.h that conforms to C99
configure:4635: gcc -c -g -O2  conftest.c >&5
configure:4635: $? = 0
configure:4642: result: yes
configure:4644: checking for _Bool
configure:4644: gcc -c -g -O2  conftest.c >&5
configure:4644: $? = 0
configure:4644: gcc -c -g -O2  conftest.c >&5
conftest.c: In function 'main':
conftest.c:67: error: expected expression before ')' token
configure:4644: $? = 1
configure: failed program was:
| /* confdefs.h */
| #define PACKAGE_NAME "slowhttptest"
| #define PACKAGE_TARNAME "slowhttptest"
| #define PACKAGE_VERSION "1.5"
| #define PACKAGE_STRING "slowhttptest 1.5"
| #define PACKAGE_BUGREPORT "shekyan@gmail.com"
| #define PACKAGE_URL ""
| #define PACKAGE "slowhttptest"
| #define VERSION "1.5"
| #define HAVE_LIBSSL 1
| #define STDC_HEADERS 1
| #define HAVE_SYS_TYPES_H 1
| #define HAVE_SYS_STAT_H 1
| #define HAVE_STDLIB_H 1
| #define HAVE_STRING_H 1
| #define HAVE_MEMORY_H 1
| #define HAVE_STRINGS_H 1
| #define HAVE_INTTYPES_H 1
| #define HAVE_STDINT_H 1
| #define HAVE_UNISTD_H 1
| #define HAVE_FCNTL_H 1
| #define HAVE_LIMITS_H 1
| #define HAVE_NETDB_H 1
| #define HAVE_NETINET_IN_H 1
| #define HAVE_STDLIB_H 1
| #define HAVE_STRING_H 1
| #define HAVE_SYS_SOCKET_H 1
| #define HAVE_SYS_TIME_H 1
| #define HAVE_UNISTD_H 1
| /* end confdefs.h.  */
| #include <stdio.h>
| #ifdef HAVE_SYS_TYPES_H
| # include <sys/types.h>
| #endif
| #ifdef HAVE_SYS_STAT_H
| # include <sys/stat.h>
| #endif
| #ifdef STDC_HEADERS
| # include <stdlib.h>
| # include <stddef.h>
| #else
| # ifdef HAVE_STDLIB_H
| #  include <stdlib.h>
| # endif
| #endif
| #ifdef HAVE_STRING_H
| # if !defined STDC_HEADERS && defined HAVE_MEMORY_H
| #  include <memory.h>
| # endif
| # include <string.h>
| #endif
| #ifdef HAVE_STRINGS_H
| # include <strings.h>
| #endif
| #ifdef HAVE_INTTYPES_H
| # include <inttypes.h>
| #endif
| #ifdef HAVE_STDINT_H
| # include <stdint.h>
| #endif
| #ifdef HAVE_UNISTD_H
| # include <unistd.h>
| #endif
| int
| main ()
| {
| if (sizeof ((_Bool)))
| 	    return 0;
|   ;
|   return 0;
| }
configure:4644: result: yes
configure:4660: checking for an ANSI C-conforming const
configure:4725: gcc -c -g -O2  conftest.c >&5
configure:4725: $? = 0
configure:4732: result: yes
configure:4740: checking for size_t
configure:4740: gcc -c -g -O2  conftest.c >&5
configure:4740: $? = 0
configure:4740: gcc -c -g -O2  conftest.c >&5
conftest.c: In function 'main':
conftest.c:69: error: expected expression before ')' token
configure:4740: $? = 1
configure: failed program was:
| /* confdefs.h */
| #define PACKAGE_NAME "slowhttptest"
| #define PACKAGE_TARNAME "slowhttptest"
| #define PACKAGE_VERSION "1.5"
| #define PACKAGE_STRING "slowhttptest 1.5"
| #define PACKAGE_BUGREPORT "shekyan@gmail.com"
| #define PACKAGE_URL ""
| #define PACKAGE "slowhttptest"
| #define VERSION "1.5"
| #define HAVE_LIBSSL 1
| #define STDC_HEADERS 1
| #define HAVE_SYS_TYPES_H 1
| #define HAVE_SYS_STAT_H 1
| #define HAVE_STDLIB_H 1
| #define HAVE_STRING_H 1
| #define HAVE_MEMORY_H 1
| #define HAVE_STRINGS_H 1
| #define HAVE_INTTYPES_H 1
| #define HAVE_STDINT_H 1
| #define HAVE_UNISTD_H 1
| #define HAVE_FCNTL_H 1
| #define HAVE_LIMITS_H 1
| #define HAVE_NETDB_H 1
| #define HAVE_NETINET_IN_H 1
| #define HAVE_STDLIB_H 1
| #define HAVE_STRING_H 1
| #define HAVE_SYS_SOCKET_H 1
| #define HAVE_SYS_TIME_H 1
| #define HAVE_UNISTD_H 1
| #define HAVE__BOOL 1
| #define HAVE_STDBOOL_H 1
| /* end confdefs.h.  */
| #include <stdio.h>
| #ifdef HAVE_SYS_TYPES_H
| # include <sys/types.h>
| #endif
| #ifdef HAVE_SYS_STAT_H
| # include <sys/stat.h>
| #endif
| #ifdef STDC_HEADERS
| # include <stdlib.h>
| # include <stddef.h>
| #else
| # ifdef HAVE_STDLIB_H
| #  include <stdlib.h>
| # endif
| #endif
| #ifdef HAVE_STRING_H
| # if !defined STDC_HEADERS && defined HAVE_MEMORY_H
| #  include <memory.h>
| # endif
| # include <string.h>
| #endif
| #ifdef HAVE_STRINGS_H
| # include <strings.h>
| #endif
| #ifdef HAVE_INTTYPES_H
| # include <inttypes.h>
| #endif
| #ifdef HAVE_STDINT_H
| # include <stdint.h>
| #endif
| #ifdef HAVE_UNISTD_H
| # include <unistd.h>
| #endif
| int
| main ()
| {
| if (sizeof ((size_t)))
| 	    return 0;
|   ;
|   return 0;
| }
configure:4740: result: yes
configure:4751: checking whether time.h and sys/time.h may both be included
configure:4771: gcc -c -g -O2  conftest.c >&5
configure:4771: $? = 0
configure:4778: result: yes
configure:4791: checking sys/select.h usability
configure:4791: gcc -c -g -O2  conftest.c >&5
configure:4791: $? = 0
configure:4791: result: yes
configure:4791: checking sys/select.h presence
configure:4791: gcc -E  conftest.c
configure:4791: $? = 0
configure:4791: result: yes
configure:4791: checking for sys/select.h
configure:4791: result: yes
configure:4791: checking for sys/socket.h
configure:4791: result: yes
configure:4801: checking types of arguments for select
configure:4829: gcc -c -g -O2  conftest.c >&5
configure:4829: $? = 0
configure:4840: result: int,fd_set *,struct timeval *
configure:4865: checking for vprintf
configure:4865: gcc -o conftest -g -O2   conftest.c -lssl  >&5
conftest.c:62: warning: conflicting types for built-in function 'vprintf'
configure:4865: $? = 0
configure:4865: result: yes
configure:4871: checking for _doprnt
configure:4871: gcc -o conftest -g -O2   conftest.c -lssl  >&5
/tmp/cc6MSlOG.o: In function `main':
/home/mvogel/temp/slowhttptest/slowhttptest-1.5/conftest.c:74: undefined reference to `_doprnt'
collect2: ld returned 1 exit status
configure:4871: $? = 1
configure: failed program was:
| /* confdefs.h */
| #define PACKAGE_NAME "slowhttptest"
| #define PACKAGE_TARNAME "slowhttptest"
| #define PACKAGE_VERSION "1.5"
| #define PACKAGE_STRING "slowhttptest 1.5"
| #define PACKAGE_BUGREPORT "shekyan@gmail.com"
| #define PACKAGE_URL ""
| #define PACKAGE "slowhttptest"
| #define VERSION "1.5"
| #define HAVE_LIBSSL 1
| #define STDC_HEADERS 1
| #define HAVE_SYS_TYPES_H 1
| #define HAVE_SYS_STAT_H 1
| #define HAVE_STDLIB_H 1
| #define HAVE_STRING_H 1
| #define HAVE_MEMORY_H 1
| #define HAVE_STRINGS_H 1
| #define HAVE_INTTYPES_H 1
| #define HAVE_STDINT_H 1
| #define HAVE_UNISTD_H 1
| #define HAVE_FCNTL_H 1
| #define HAVE_LIMITS_H 1
| #define HAVE_NETDB_H 1
| #define HAVE_NETINET_IN_H 1
| #define HAVE_STDLIB_H 1
| #define HAVE_STRING_H 1
| #define HAVE_SYS_SOCKET_H 1
| #define HAVE_SYS_TIME_H 1
| #define HAVE_UNISTD_H 1
| #define HAVE__BOOL 1
| #define HAVE_STDBOOL_H 1
| #define TIME_WITH_SYS_TIME 1
| #define HAVE_SYS_SELECT_H 1
| #define HAVE_SYS_SOCKET_H 1
| #define SELECT_TYPE_ARG1 int
| #define SELECT_TYPE_ARG234 (fd_set *)
| #define SELECT_TYPE_ARG5 (struct timeval *)
| #define HAVE_VPRINTF 1
| /* end confdefs.h.  */
| /* Define _doprnt to an innocuous variant, in case <limits.h> declares _doprnt.
|    For example, HP-UX 11i <limits.h> declares gettimeofday.  */
| #define _doprnt innocuous__doprnt
| 
| /* System header to define __stub macros and hopefully few prototypes,
|     which can conflict with char _doprnt (); below.
|     Prefer <limits.h> to <assert.h> if __STDC__ is defined, since
|     <limits.h> exists even on freestanding compilers.  */
| 
| #ifdef __STDC__
| # include <limits.h>
| #else
| # include <assert.h>
| #endif
| 
| #undef _doprnt
| 
| /* Override any GCC internal prototype to avoid an error.
|    Use char because int might match the return type of a GCC
|    builtin and then its argument prototype would still apply.  */
| #ifdef __cplusplus
| extern "C"
| #endif
| char _doprnt ();
| /* The GNU C library defines this for functions which it implements
|     to always fail with ENOSYS.  Some functions are actually named
|     something starting with __ and the normal name is an alias.  */
| #if defined __stub__doprnt || defined __stub____doprnt
| choke me
| #endif
| 
| int
| main ()
| {
| return _doprnt ();
|   ;
|   return 0;
| }
configure:4871: result: no
configure:4885: checking for atexit
configure:4885: gcc -o conftest -g -O2   conftest.c -lssl  >&5
configure:4885: $? = 0
configure:4885: result: yes
configure:4885: checking for gettimeofday
configure:4885: gcc -o conftest -g -O2   conftest.c -lssl  >&5
configure:4885: $? = 0
configure:4885: result: yes
configure:4885: checking for poll
configure:4885: gcc -o conftest -g -O2   conftest.c -lssl  >&5
configure:4885: $? = 0
configure:4885: result: yes
configure:4885: checking for select
configure:4885: gcc -o conftest -g -O2   conftest.c -lssl  >&5
configure:4885: $? = 0
configure:4885: result: yes
configure:4885: checking for socket
configure:4885: gcc -o conftest -g -O2   conftest.c -lssl  >&5
configure:4885: $? = 0
configure:4885: result: yes
configure:4885: checking for strerror
configure:4885: gcc -o conftest -g -O2   conftest.c -lssl  >&5
configure:4885: $? = 0
configure:4885: result: yes
configure:4885: checking for strstr
configure:4885: gcc -o conftest -g -O2   conftest.c -lssl  >&5
conftest.c:69: warning: conflicting types for built-in function 'strstr'
configure:4885: $? = 0
configure:4885: result: yes
configure:4885: checking for strtol
configure:4885: gcc -o conftest -g -O2   conftest.c -lssl  >&5
configure:4885: $? = 0
configure:4885: result: yes
configure:5020: creating ./config.status

## ---------------------- ##
## Running config.status. ##
## ---------------------- ##

This file was extended by slowhttptest config.status 1.5, which was
generated by GNU Autoconf 2.67.  Invocation command line was

  CONFIG_FILES    = 
  CONFIG_HEADERS  = 
  CONFIG_LINKS    = 
  CONFIG_COMMANDS = 
  $ ./config.status 

on piput001.hosted-products.net

config.status:891: creating Makefile
config.status:891: creating src/Makefile
config.status:891: creating man/Makefile
config.status:891: creating config.h
config.status:1071: config.h is unchanged
config.status:1119: executing depfiles commands

## ---------------- ##
## Cache variables. ##
## ---------------- ##

ac_cv_c_compiler_gnu=yes
ac_cv_c_const=yes
ac_cv_cxx_compiler_gnu=yes
ac_cv_env_CCC_set=
ac_cv_env_CCC_value=
ac_cv_env_CC_set=
ac_cv_env_CC_value=
ac_cv_env_CFLAGS_set=
ac_cv_env_CFLAGS_value=
ac_cv_env_CPPFLAGS_set=
ac_cv_env_CPPFLAGS_value=
ac_cv_env_CPP_set=
ac_cv_env_CPP_value=
ac_cv_env_CXXFLAGS_set=
ac_cv_env_CXXFLAGS_value=
ac_cv_env_CXX_set=
ac_cv_env_CXX_value=
ac_cv_env_LDFLAGS_set=
ac_cv_env_LDFLAGS_value=
ac_cv_env_LIBS_set=
ac_cv_env_LIBS_value=
ac_cv_env_build_alias_set=
ac_cv_env_build_alias_value=
ac_cv_env_host_alias_set=
ac_cv_env_host_alias_value=
ac_cv_env_target_alias_set=
ac_cv_env_target_alias_value=
ac_cv_func__doprnt=no
ac_cv_func_atexit=yes
ac_cv_func_gettimeofday=yes
ac_cv_func_poll=yes
ac_cv_func_select=yes
ac_cv_func_select_args='int,fd_set *,struct timeval *'
ac_cv_func_socket=yes
ac_cv_func_strerror=yes
ac_cv_func_strstr=yes
ac_cv_func_strtol=yes
ac_cv_func_vprintf=yes
ac_cv_header_fcntl_h=yes
ac_cv_header_inttypes_h=yes
ac_cv_header_limits_h=yes
ac_cv_header_memory_h=yes
ac_cv_header_netdb_h=yes
ac_cv_header_netinet_in_h=yes
ac_cv_header_stdbool_h=yes
ac_cv_header_stdc=yes
ac_cv_header_stdint_h=yes
ac_cv_header_stdlib_h=yes
ac_cv_header_string_h=yes
ac_cv_header_strings_h=yes
ac_cv_header_sys_select_h=yes
ac_cv_header_sys_socket_h=yes
ac_cv_header_sys_stat_h=yes
ac_cv_header_sys_time_h=yes
ac_cv_header_sys_types_h=yes
ac_cv_header_time=yes
ac_cv_header_unistd_h=yes
ac_cv_lib_ssl_SSL_library_init=yes
ac_cv_objext=o
ac_cv_path_EGREP='/bin/grep -E'
ac_cv_path_GREP=/bin/grep
ac_cv_path_install='/usr/bin/install -c'
ac_cv_path_mkdir=/bin/mkdir
ac_cv_prog_AWK=gawk
ac_cv_prog_CPP='gcc -E'
ac_cv_prog_ac_ct_CC=gcc
ac_cv_prog_ac_ct_CXX=g++
ac_cv_prog_cc_c89=
ac_cv_prog_cc_g=yes
ac_cv_prog_cxx_g=yes
ac_cv_prog_make_make_set=yes
ac_cv_type__Bool=yes
ac_cv_type_size_t=yes
am_cv_CC_dependencies_compiler_type=gcc3
am_cv_CXX_dependencies_compiler_type=gcc3

## ----------------- ##
## Output variables. ##
## ----------------- ##

ACLOCAL='${SHELL} /home/mvogel/temp/slowhttptest/slowhttptest-1.5/missing --run aclocal-1.11'
AMDEPBACKSLASH='\'
AMDEP_FALSE='#'
AMDEP_TRUE=''
AMTAR='${SHELL} /home/mvogel/temp/slowhttptest/slowhttptest-1.5/missing --run tar'
AUTOCONF='${SHELL} /home/mvogel/temp/slowhttptest/slowhttptest-1.5/missing --run autoconf'
AUTOHEADER='${SHELL} /home/mvogel/temp/slowhttptest/slowhttptest-1.5/missing --run autoheader'
AUTOMAKE='${SHELL} /home/mvogel/temp/slowhttptest/slowhttptest-1.5/missing --run automake-1.11'
AWK='gawk'
CC='gcc'
CCDEPMODE='depmode=gcc3'
CFLAGS='-g -O2'
CPP='gcc -E'
CPPFLAGS=''
CXX='g++'
CXXDEPMODE='depmode=gcc3'
CXXFLAGS='-g -O2'
CYGPATH_W='echo'
DEFS='-DHAVE_CONFIG_H'
DEPDIR='.deps'
ECHO_C=''
ECHO_N='-n'
ECHO_T=''
EGREP='/bin/grep -E'
EXEEXT=''
GREP='/bin/grep'
INSTALL_DATA='${INSTALL} -m 644'
INSTALL_PROGRAM='${INSTALL}'
INSTALL_SCRIPT='${INSTALL}'
INSTALL_STRIP_PROGRAM='$(install_sh) -c -s'
LDFLAGS=''
LIBOBJS=''
LIBS='-lssl '
LTLIBOBJS=''
MAKEINFO='${SHELL} /home/mvogel/temp/slowhttptest/slowhttptest-1.5/missing --run makeinfo'
MKDIR_P='/bin/mkdir -p'
OBJEXT='o'
PACKAGE='slowhttptest'
PACKAGE_BUGREPORT='shekyan@gmail.com'
PACKAGE_NAME='slowhttptest'
PACKAGE_STRING='slowhttptest 1.5'
PACKAGE_TARNAME='slowhttptest'
PACKAGE_URL=''
PACKAGE_VERSION='1.5'
PATH_SEPARATOR=':'
SET_MAKE=''
SHELL='/bin/sh'
STRIP=''
VERSION='1.5'
ac_ct_CC='gcc'
ac_ct_CXX='g++'
am__EXEEXT_FALSE=''
am__EXEEXT_TRUE='#'
am__fastdepCC_FALSE='#'
am__fastdepCC_TRUE=''
am__fastdepCXX_FALSE='#'
am__fastdepCXX_TRUE=''
am__include='include'
am__isrc=''
am__leading_dot='.'
am__quote=''
am__tar='${AMTAR} chof - "$$tardir"'
am__untar='${AMTAR} xf -'
bindir='${exec_prefix}/bin'
build_alias=''
datadir='${datarootdir}'
datarootdir='${prefix}/share'
docdir='${datarootdir}/doc/${PACKAGE_TARNAME}'
dvidir='${docdir}'
exec_prefix='${prefix}'
host_alias=''
htmldir='${docdir}'
includedir='${prefix}/include'
infodir='${datarootdir}/info'
install_sh='${SHELL} /home/mvogel/temp/slowhttptest/slowhttptest-1.5/install-sh'
libdir='${exec_prefix}/lib'
libexecdir='${exec_prefix}/libexec'
localedir='${datarootdir}/locale'
localstatedir='${prefix}/var'
mandir='${datarootdir}/man'
mkdir_p='/bin/mkdir -p'
oldincludedir='/usr/include'
pdfdir='${docdir}'
prefix='/home/mvogel/temp/slowhttptest'
program_transform_name='s,x,x,'
psdir='${docdir}'
sbindir='${exec_prefix}/sbin'
sharedstatedir='${prefix}/com'
sysconfdir='${prefix}/etc'
target_alias=''

## ----------- ##
## confdefs.h. ##
## ----------- ##

/* confdefs.h */
#define PACKAGE_NAME "slowhttptest"
#define PACKAGE_TARNAME "slowhttptest"
#define PACKAGE_VERSION "1.5"
#define PACKAGE_STRING "slowhttptest 1.5"
#define PACKAGE_BUGREPORT "shekyan@gmail.com"
#define PACKAGE_URL ""
#define PACKAGE "slowhttptest"
#define VERSION "1.5"
#define HAVE_LIBSSL 1
#define STDC_HEADERS 1
#define HAVE_SYS_TYPES_H 1
#define HAVE_SYS_STAT_H 1
#define HAVE_STDLIB_H 1
#define HAVE_STRING_H 1
#define HAVE_MEMORY_H 1
#define HAVE_STRINGS_H 1
#define HAVE_INTTYPES_H 1
#define HAVE_STDINT_H 1
#define HAVE_UNISTD_H 1
#define HAVE_FCNTL_H 1
#define HAVE_LIMITS_H 1
#define HAVE_NETDB_H 1
#define HAVE_NETINET_IN_H 1
#define HAVE_STDLIB_H 1
#define HAVE_STRING_H 1
#define HAVE_SYS_SOCKET_H 1
#define HAVE_SYS_TIME_H 1
#define HAVE_UNISTD_H 1
#define HAVE__BOOL 1
#define HAVE_STDBOOL_H 1
#define TIME_WITH_SYS_TIME 1
#define HAVE_SYS_SELECT_H 1
#define HAVE_SYS_SOCKET_H 1
#define SELECT_TYPE_ARG1 int
#define SELECT_TYPE_ARG234 (fd_set *)
#define SELECT_TYPE_ARG5 (struct timeval *)
#define HAVE_VPRINTF 1
#define HAVE_ATEXIT 1
#define HAVE_GETTIMEOFDAY 1
#define HAVE_POLL 1
#define HAVE_SELECT 1
#define HAVE_SOCKET 1
#define HAVE_STRERROR 1
#define HAVE_STRSTR 1
#define HAVE_STRTOL 1

configure: exit 0
